<?xml version="1.0" encoding="UTF-8"?>
<!-- Generated by org.testng.reporters.JUnitXMLReporter -->
<testsuite hostname="LAPTOP-5UH6HAH1" ignored="0" name="Test" tests="3" failures="0" timestamp="08 Oct 2020 03:14:41 GMT" time="0.07" errors="0">
  <testcase name="f" time="0.012" classname="com.nit.testproj.tests.InvocationTest"/>
  <testcase name="f" time="0.0" classname="com.nit.testproj.tests.InvocationTest"/>
  <testcase name="f" time="0.016" classname="com.nit.testproj.tests.InvocationTest"/>
</testsuite> <!-- Test -->
