<?xml version="1.0" encoding="UTF-8"?>
<testng-results skipped="0" failed="0" ignored="0" total="1" passed="1">
  <reporter-output>
  </reporter-output>
  <suite name="Suite" duration-ms="27483" started-at="2020-07-12T07:07:21Z" finished-at="2020-07-12T07:07:48Z">
    <groups>
    </groups>
    <test name="Test" duration-ms="27483" started-at="2020-07-12T07:07:21Z" finished-at="2020-07-12T07:07:48Z">
      <class name="com.nit.testproj.tests.GoogleTest_ExtentReports">
        <test-method status="PASS" signature="beforeTest()[pri:0, instance:com.nit.testproj.tests.GoogleTest_ExtentReports@7f560810]" name="beforeTest" is-config="true" duration-ms="237" started-at="2020-07-12T07:07:21Z" finished-at="2020-07-12T07:07:21Z">
          <reporter-output>
          </reporter-output>
        </test-method> <!-- beforeTest -->
        <test-method status="PASS" signature="beforeMethod()[pri:0, instance:com.nit.testproj.tests.GoogleTest_ExtentReports@7f560810]" name="beforeMethod" is-config="true" duration-ms="7298" started-at="2020-07-12T07:07:22Z" finished-at="2020-07-12T07:07:29Z">
          <reporter-output>
          </reporter-output>
        </test-method> <!-- beforeMethod -->
        <test-method status="PASS" signature="googlepage(java.lang.Object)[pri:0, instance:com.nit.testproj.tests.GoogleTest_ExtentReports@7f560810]" name="googlepage" duration-ms="14939" started-at="2020-07-12T07:07:29Z" data-provider="data" finished-at="2020-07-12T07:07:44Z">
          <params>
            <param index="0">
              <value>
                <![CDATA[{url=https://www.google.com/, searchtext=selenium, BankID=125477, BankName=Icici, Amount =500, Payee=Chinny, PaidDate=15-04-2020, PaymentType=Wire}]]>
              </value>
            </param>
          </params>
          <reporter-output>
          </reporter-output>
        </test-method> <!-- googlepage -->
        <test-method status="PASS" signature="afterMethod(org.testng.ITestResult)[pri:0, instance:com.nit.testproj.tests.GoogleTest_ExtentReports@7f560810]" name="afterMethod" is-config="true" duration-ms="3773" started-at="2020-07-12T07:07:44Z" finished-at="2020-07-12T07:07:48Z">
          <params>
            <param index="0">
              <value>
                <![CDATA[[TestResult name=googlepage status=SUCCESS method=GoogleTest_ExtentReports.googlepage(java.lang.Object)[pri:0, instance:com.nit.testproj.tests.GoogleTest_ExtentReports@7f560810] output={null}]]]>
              </value>
            </param>
          </params>
          <reporter-output>
          </reporter-output>
        </test-method> <!-- afterMethod -->
        <test-method status="PASS" signature="afterTest()[pri:0, instance:com.nit.testproj.tests.GoogleTest_ExtentReports@7f560810]" name="afterTest" is-config="true" duration-ms="437" started-at="2020-07-12T07:07:48Z" finished-at="2020-07-12T07:07:48Z">
          <reporter-output>
          </reporter-output>
        </test-method> <!-- afterTest -->
      </class> <!-- com.nit.testproj.tests.GoogleTest_ExtentReports -->
    </test> <!-- Test -->
  </suite> <!-- Suite -->
</testng-results>
